<?xml version="1.0" encoding="UTF-8"?>
<testng-results ignored="0" total="1" passed="1" failed="0" skipped="0">
  <reporter-output>
  </reporter-output>
  <suite started-at="2021-02-08T04:46:22Z" name="Default suite" finished-at="2021-02-08T04:46:55Z" duration-ms="32505">
    <groups>
    </groups>
    <test started-at="2021-02-08T04:46:22Z" name="Default test" finished-at="2021-02-08T04:46:55Z" duration-ms="32505">
      <class name="login.LoginTest">
        <test-method signature="testLogin()[pri:0, instance:login.LoginTest@41e1e210]" started-at="2021-02-08T04:46:22Z" name="testLogin" finished-at="2021-02-08T04:46:50Z" duration-ms="28129" status="PASS">
          <reporter-output>
          </reporter-output>
        </test-method> <!-- testLogin -->
        <test-method is-config="true" signature="closeBrowser()[pri:0, instance:login.LoginTest@41e1e210]" started-at="2021-02-08T04:46:50Z" name="closeBrowser" finished-at="2021-02-08T04:46:55Z" duration-ms="4325" status="PASS">
          <reporter-output>
          </reporter-output>
        </test-method> <!-- closeBrowser -->
      </class> <!-- login.LoginTest -->
    </test> <!-- Default test -->
  </suite> <!-- Default suite -->
</testng-results>
