<?xml version="1.0" encoding="UTF-8"?>
<testng-results ignored="0" total="1" passed="1" failed="0" skipped="0">
  <reporter-output>
  </reporter-output>
  <suite started-at="2021-02-04T08:52:13Z" name="Default suite" finished-at="2021-02-04T08:52:40Z" duration-ms="26139">
    <groups>
    </groups>
    <test started-at="2021-02-04T08:52:13Z" name="Default test" finished-at="2021-02-04T08:52:40Z" duration-ms="26139">
      <class name="login.LoginTest">
        <test-method signature="testLogin()[pri:0, instance:login.LoginTest@41e1e210]" started-at="2021-02-04T08:52:13Z" name="testLogin" finished-at="2021-02-04T08:52:39Z" duration-ms="25681" status="PASS">
          <reporter-output>
          </reporter-output>
        </test-method> <!-- testLogin -->
        <test-method is-config="true" signature="closeBrowser()[pri:0, instance:login.LoginTest@41e1e210]" started-at="2021-02-04T08:52:39Z" name="closeBrowser" finished-at="2021-02-04T08:52:40Z" duration-ms="432" status="PASS">
          <reporter-output>
          </reporter-output>
        </test-method> <!-- closeBrowser -->
      </class> <!-- login.LoginTest -->
    </test> <!-- Default test -->
  </suite> <!-- Default suite -->
</testng-results>
